<?xml version="1.0" encoding="UTF-8"?>
<!-- Generated by org.testng.reporters.JUnitReportReporter -->
<testsuite skipped="0" hostname="DESKTOP-96ITD99" name="com.usa.logintest.LoginTest" tests="1" failures="0" timestamp="22 Mar 2020 19:37:15 GMT" time="22.224" errors="0">
  <testcase name="getLoginValidation" time="22.224" classname="com.usa.logintest.LoginTest"/>
</testsuite> <!-- com.usa.logintest.LoginTest -->
